============================= test session starts =============================
platform win32 -- Python 3.11.9, pytest-9.1.0, pluggy-1.6.0 -- C:\Users\Lenovo\AppData\Local\Microsoft\WindowsApps\PythonSoftwareFoundation.Python.3.11_qbz5n2kfra8p0\python.exe
cachedir: .pytest_cache
rootdir: C:\Users\Lenovo\Downloads\manshu_cisco_aasignment\manshu_cisco_aasignment\career_fair_shortlist
configfile: pytest.ini
testpaths: tests
plugins: anyio-4.10.0, langsmith-0.4.14, cov-7.1.0
collecting ... collected 161 items

tests/test_acceptance.py::test_a1_builtin_profile_is_the_specified_one PASSED [  0%]
tests/test_acceptance.py::test_a1_builtin_profile_is_valid PASSED        [  1%]
tests/test_acceptance.py::test_a1_builtin_statuses[CF01-True] PASSED     [  1%]
tests/test_acceptance.py::test_a1_builtin_statuses[CF02-True] PASSED     [  2%]
tests/test_acceptance.py::test_a1_builtin_statuses[CF03-False] PASSED    [  3%]
tests/test_acceptance.py::test_a1_builtin_statuses[CF04-False] PASSED    [  3%]
tests/test_acceptance.py::test_a1_builtin_statuses[CF05-False] PASSED    [  4%]
tests/test_acceptance.py::test_a1_builtin_counts_are_2_and_3 PASSED      [  4%]
tests/test_acceptance.py::test_a1_builtin_display_order PASSED           [  5%]
tests/test_acceptance.py::test_a2_a3_a4_exact_failure_reasons[CF03-expected_reasons0] PASSED [  6%]
tests/test_acceptance.py::test_a2_a3_a4_exact_failure_reasons[CF04-expected_reasons1] PASSED [  6%]
tests/test_acceptance.py::test_a2_a3_a4_exact_failure_reasons[CF05-expected_reasons2] PASSED [  7%]
tests/test_acceptance.py::test_a2_eligible_roles_carry_no_reasons[CF01] PASSED [  8%]
tests/test_acceptance.py::test_a2_eligible_roles_carry_no_reasons[CF02] PASSED [  8%]
tests/test_acceptance.py::test_a4_cf05_failure_is_not_short_circuited PASSED [  9%]
tests/test_acceptance.py::test_a5_cgpa_85_flips_cf04_eligible PASSED     [  9%]
tests/test_acceptance.py::test_a5_cgpa_85_counts_are_3_and_2 PASSED      [ 10%]
tests/test_acceptance.py::test_a5_cgpa_85_eligible_group_orders_by_title PASSED [ 11%]
tests/test_acceptance.py::test_a5_boundary_is_inclusive[8.49-False] PASSED [ 11%]
tests/test_acceptance.py::test_a5_boundary_is_inclusive[8.5-True] PASSED [ 12%]
tests/test_acceptance.py::test_a5_boundary_is_inclusive[8.50-True] PASSED [ 13%]
tests/test_acceptance.py::test_a5_boundary_is_inclusive[8.51-True] PASSED [ 13%]
tests/test_acceptance.py::test_a5_boundary_is_inclusive[10-True] PASSED  [ 14%]
tests/test_acceptance.py::test_a6_cgpa_105_reports_invalid_cgpa_only PASSED [ 14%]
tests/test_acceptance.py::test_a6_invalid_cgpa_yields_no_results PASSED  [ 15%]
tests/test_acceptance.py::test_a6_invalid_cgpa_clears_both_counts PASSED [ 16%]
tests/test_acceptance.py::test_a6_invalid_input_after_valid_evaluation_discards_prior_results PASSED [ 16%]
tests/test_acceptance.py::test_a6_invalid_cgpa_values[-1] PASSED         [ 17%]
tests/test_acceptance.py::test_a6_invalid_cgpa_values[10.5] PASSED       [ 18%]
tests/test_acceptance.py::test_a6_invalid_cgpa_values[NaN] PASSED        [ 18%]
tests/test_acceptance.py::test_a6_invalid_cgpa_values[Infinity] PASSED   [ 19%]
tests/test_acceptance.py::test_a6_invalid_cgpa_values[-Infinity] PASSED  [ 19%]
tests/test_acceptance.py::test_a6_invalid_cgpa_values[abc] PASSED        [ 20%]
tests/test_acceptance.py::test_a6_invalid_cgpa_values[] PASSED           [ 21%]
tests/test_acceptance.py::test_a6_valid_cgpa_boundaries[0] PASSED        [ 21%]
tests/test_acceptance.py::test_a6_valid_cgpa_boundaries[7.5] PASSED      [ 22%]
tests/test_acceptance.py::test_a6_valid_cgpa_boundaries[8.1] PASSED      [ 22%]
tests/test_acceptance.py::test_a6_valid_cgpa_boundaries[10] PASSED       [ 23%]
tests/test_acceptance.py::test_a7_counts_always_agree_with_statuses[override0] PASSED [ 24%]
tests/test_acceptance.py::test_a7_counts_always_agree_with_statuses[override1] PASSED [ 24%]
tests/test_acceptance.py::test_a7_counts_always_agree_with_statuses[override2] PASSED [ 25%]
tests/test_acceptance.py::test_a7_counts_always_agree_with_statuses[override3] PASSED [ 26%]
tests/test_acceptance.py::test_a7_counts_always_agree_with_statuses[override4] PASSED [ 26%]
tests/test_acceptance.py::test_a7_eligibility_always_matches_reason_emptiness[override0] PASSED [ 27%]
tests/test_acceptance.py::test_a7_eligibility_always_matches_reason_emptiness[override1] PASSED [ 27%]
tests/test_acceptance.py::test_a7_eligibility_always_matches_reason_emptiness[override2] PASSED [ 28%]
tests/test_acceptance.py::test_a7_eligibility_always_matches_reason_emptiness[override3] PASSED [ 29%]
tests/test_acceptance.py::test_a7_eligibility_always_matches_reason_emptiness[override4] PASSED [ 29%]
tests/test_acceptance.py::test_a7_every_role_is_reported_exactly_once PASSED [ 30%]
tests/test_acceptance.py::test_a7_role_titles_in_results_match_the_catalog PASSED [ 31%]
tests/test_acceptance.py::test_c1_eligible_group_always_precedes_ineligible_group PASSED [ 31%]
tests/test_acceptance.py::test_c1_equal_titles_break_ties_by_ascending_role_id PASSED [ 32%]
tests/test_acceptance.py::test_c1_title_sort_is_case_insensitive PASSED  [ 32%]
tests/test_acceptance.py::test_c2_missing_skills_sorted_case_insensitively PASSED [ 33%]
tests/test_acceptance.py::test_c2_missing_skill_uses_the_roles_declared_spelling PASSED [ 34%]
tests/test_acceptance.py::test_c2_empty_skill_list_reports_every_required_skill PASSED [ 34%]
tests/test_acceptance.py::test_c2_each_missing_skill_reported_exactly_once PASSED [ 35%]
tests/test_acceptance.py::test_c3_branch_compared_case_insensitively_after_trimming[CSE] PASSED [ 36%]
tests/test_acceptance.py::test_c3_branch_compared_case_insensitively_after_trimming[cse] PASSED [ 36%]
tests/test_acceptance.py::test_c3_branch_compared_case_insensitively_after_trimming[Cse] PASSED [ 37%]
tests/test_acceptance.py::test_c3_branch_compared_case_insensitively_after_trimming[cSe] PASSED [ 37%]
tests/test_acceptance.py::test_c3_branch_compared_case_insensitively_after_trimming[ CSE ] PASSED [ 38%]
tests/test_acceptance.py::test_c3_branch_compared_case_insensitively_after_trimming[  cse  ] PASSED [ 39%]
tests/test_acceptance.py::test_c3_skills_compared_case_insensitively_after_trimming[Git, Python, SQL] PASSED [ 39%]
tests/test_acceptance.py::test_c3_skills_compared_case_insensitively_after_trimming[git, python, sql] PASSED [ 40%]
tests/test_acceptance.py::test_c3_skills_compared_case_insensitively_after_trimming[GIT, PYTHON, SQL] PASSED [ 40%]
tests/test_acceptance.py::test_c3_skills_compared_case_insensitively_after_trimming[ Git , Python , SQL ] PASSED [ 41%]
tests/test_acceptance.py::test_c3_skills_compared_case_insensitively_after_trimming[gIt,pYtHoN,sQl] PASSED [ 42%]
tests/test_acceptance.py::test_c3_no_alias_or_similar_skill_inference PASSED [ 42%]
tests/test_acceptance.py::test_c3_no_branch_alias_inference PASSED       [ 43%]
tests/test_acceptance.py::test_c4_skill_parsing[Git, Python, SQL-expected0] PASSED [ 44%]
tests/test_acceptance.py::test_c4_skill_parsing[Git,, Python, ,SQL-expected1] PASSED [ 44%]
tests/test_acceptance.py::test_c4_skill_parsing[  Git  ,  Python  ,  SQL  -expected2] PASSED [ 45%]
tests/test_acceptance.py::test_c4_skill_parsing[Git, Python, Git, SQL-expected3] PASSED [ 45%]
tests/test_acceptance.py::test_c4_skill_parsing[git, Git, GIT-expected4] PASSED [ 46%]
tests/test_acceptance.py::test_c4_skill_parsing[,,,-expected5] PASSED    [ 47%]
tests/test_acceptance.py::test_c4_skill_parsing[-expected6] PASSED       [ 47%]
tests/test_acceptance.py::test_c4_skill_parsing[   -expected7] PASSED    [ 48%]
tests/test_acceptance.py::test_c4_skill_parsing[Git-expected8] PASSED    [ 49%]
tests/test_acceptance.py::test_c4_skill_parsing[,Git,-expected9] PASSED  [ 49%]
tests/test_acceptance.py::test_c4_messy_skill_input_still_evaluates_correctly PASSED [ 50%]
tests/test_acceptance.py::test_c4_skills_have_no_validation_rule PASSED  [ 50%]
tests/test_acceptance.py::test_c5_blank_branch_is_invalid[] PASSED       [ 51%]
tests/test_acceptance.py::test_c5_blank_branch_is_invalid[ ] PASSED      [ 52%]
tests/test_acceptance.py::test_c5_blank_branch_is_invalid[   ] PASSED    [ 52%]
tests/test_acceptance.py::test_c5_blank_branch_is_invalid[\t] PASSED     [ 53%]
tests/test_acceptance.py::test_c5_invalid_graduation_years[1999] PASSED  [ 54%]
tests/test_acceptance.py::test_c5_invalid_graduation_years[2101] PASSED  [ 54%]
tests/test_acceptance.py::test_c5_invalid_graduation_years[2027.5] PASSED [ 55%]
tests/test_acceptance.py::test_c5_invalid_graduation_years[abc] PASSED   [ 55%]
tests/test_acceptance.py::test_c5_invalid_graduation_years[] PASSED      [ 56%]
tests/test_acceptance.py::test_c5_valid_graduation_year_boundaries[2000] PASSED [ 57%]
tests/test_acceptance.py::test_c5_valid_graduation_year_boundaries[2027] PASSED [ 57%]
tests/test_acceptance.py::test_c5_valid_graduation_year_boundaries[2100] PASSED [ 58%]
tests/test_acceptance.py::test_c5_invalid_backlog_counts[-1] PASSED      [ 59%]
tests/test_acceptance.py::test_c5_invalid_backlog_counts[1.5] PASSED     [ 59%]
tests/test_acceptance.py::test_c5_invalid_backlog_counts[abc] PASSED     [ 60%]
tests/test_acceptance.py::test_c5_invalid_backlog_counts[] PASSED        [ 60%]
tests/test_acceptance.py::test_c5_valid_backlog_counts[0] PASSED         [ 61%]
tests/test_acceptance.py::test_c5_valid_backlog_counts[1] PASSED         [ 62%]
tests/test_acceptance.py::test_c5_valid_backlog_counts[5] PASSED         [ 62%]
tests/test_acceptance.py::test_c5_valid_backlog_counts[99] PASSED        [ 63%]
tests/test_acceptance.py::test_c5_all_fields_validated_independently PASSED [ 63%]
tests/test_acceptance.py::test_c5_any_invalid_field_blocks_evaluation[override0] PASSED [ 64%]
tests/test_acceptance.py::test_c5_any_invalid_field_blocks_evaluation[override1] PASSED [ 65%]
tests/test_acceptance.py::test_c5_any_invalid_field_blocks_evaluation[override2] PASSED [ 65%]
tests/test_acceptance.py::test_c5_any_invalid_field_blocks_evaluation[override3] PASSED [ 66%]
tests/test_acceptance.py::test_c6_valid_but_disallowed_graduation_year PASSED [ 67%]
tests/test_acceptance.py::test_c6_non_blank_unknown_branch_is_valid_input PASSED [ 67%]
tests/test_acceptance.py::test_c6_zero_eligible_is_a_real_result_not_a_cleared_one PASSED [ 68%]
tests/test_acceptance.py::test_c7_catalog_matches_the_spec_table PASSED  [ 68%]
tests/test_acceptance.py::test_c7_role_records_are_immutable PASSED      [ 69%]
tests/test_acceptance.py::test_c8_repeated_evaluation_is_identical PASSED [ 70%]
tests/test_acceptance.py::test_c8_evaluation_does_not_mutate_the_input_profile PASSED [ 70%]
tests/test_app_ui.py::test_app_loads_without_exception PASSED            [ 71%]
tests/test_app_ui.py::test_evaluate_builtin_profile_shows_expected_counts PASSED [ 72%]
tests/test_app_ui.py::test_invalid_cgpa_clears_results_in_ui PASSED      [ 72%]
tests/test_app_ui.py::test_reset_restores_builtin_profile_after_edit PASSED [ 73%]
tests/test_app_ui.py::test_invalid_edit_clears_results_before_evaluate_is_pressed PASSED [ 73%]
tests/test_app_ui.py::test_editing_to_a_new_valid_value_withholds_results_until_evaluate PASSED [ 74%]
tests/test_app_ui.py::test_reverting_an_edit_restores_the_matching_results PASSED [ 75%]
tests/test_app_ui.py::test_load_sample_recovers_from_an_invalid_profile PASSED [ 75%]
tests/test_app_ui.py::test_builtin_results_render_in_spec_order_with_reasons PASSED [ 76%]
tests/test_app_ui.py::test_cgpa_boundary_reorders_cards_by_title PASSED  [ 77%]
tests/test_app_ui.py::test_table_view_renders_the_same_results_as_the_cards PASSED [ 77%]
tests/test_app_ui.py::test_counts_placeholder_reserves_space_without_rendering_metrics PASSED [ 78%]
tests/test_app_ui.py::test_status_pill_tracks_the_four_states PASSED     [ 78%]
tests/test_app_ui.py::test_role_requirements_table_lists_all_five_roles PASSED [ 79%]
tests/test_cli.py::test_no_flags_yields_the_builtin_sample_profile PASSED [ 80%]
tests/test_cli.py::test_single_flag_overlays_onto_the_sample_profile PASSED [ 80%]
tests/test_cli.py::test_explicit_empty_string_is_honoured_not_defaulted PASSED [ 81%]
tests/test_cli.py::test_all_flags_supplied_are_used_verbatim PASSED      [ 81%]
tests/test_cli.py::test_report_for_sample_profile_shows_spec_counts_and_order PASSED [ 82%]
tests/test_cli.py::test_report_for_invalid_profile_prints_codes_and_no_results PASSED [ 83%]
tests/test_eligibility.py::test_builtin_profile_has_five_roles PASSED    [ 83%]
tests/test_eligibility.py::test_builtin_result_statuses PASSED           [ 84%]
tests/test_eligibility.py::test_builtin_counts PASSED                    [ 85%]
tests/test_eligibility.py::test_cf03_only_branch_not_allowed PASSED      [ 85%]
tests/test_eligibility.py::test_cf04_only_cgpa_below_minimum PASSED      [ 86%]
tests/test_eligibility.py::test_cf05_complete_failure_reasons_in_order PASSED [ 86%]
tests/test_eligibility.py::test_eligible_role_has_no_reasons PASSED      [ 87%]
tests/test_eligibility.py::test_cgpa_boundary_makes_cf04_eligible PASSED [ 88%]
tests/test_eligibility.py::test_invalid_cgpa_returns_none PASSED         [ 88%]
tests/test_eligibility.py::test_blank_branch_is_invalid PASSED           [ 89%]
tests/test_eligibility.py::test_cgpa_valid_boundaries PASSED             [ 90%]
tests/test_eligibility.py::test_cgpa_invalid_values PASSED               [ 90%]
tests/test_eligibility.py::test_graduation_year_valid_boundaries PASSED  [ 91%]
tests/test_eligibility.py::test_graduation_year_invalid_values PASSED    [ 91%]
tests/test_eligibility.py::test_disallowed_but_valid_graduation_year_is_not_a_validation_error PASSED [ 92%]
tests/test_eligibility.py::test_backlog_valid_values PASSED              [ 93%]
tests/test_eligibility.py::test_backlog_invalid_values PASSED            [ 93%]
tests/test_eligibility.py::test_parse_skills_trims_and_ignores_empty_pieces PASSED [ 94%]
tests/test_eligibility.py::test_parse_skills_collapses_duplicates_case_insensitively PASSED [ 95%]
tests/test_eligibility.py::test_parse_skills_empty_string PASSED         [ 95%]
tests/test_eligibility.py::test_branch_comparison_is_case_insensitive_and_trimmed PASSED [ 96%]
tests/test_eligibility.py::test_skill_comparison_is_case_insensitive_and_trimmed PASSED [ 96%]
tests/test_eligibility.py::test_similar_skill_is_not_treated_as_match PASSED [ 97%]
tests/test_eligibility.py::test_missing_skills_sorted_case_insensitively PASSED [ 98%]
tests/test_eligibility.py::test_builtin_result_ordering PASSED           [ 98%]
tests/test_eligibility.py::test_sample_profile_matches_spec_values PASSED [ 99%]
tests/test_eligibility.py::test_invalid_profile_after_valid_one_returns_none PASSED [100%]

============================= 161 passed in 9.73s =============================
